2025-05-23 18:20:27,152 INFO     [FlashTop]    init
2025-05-23 18:20:27,160 [Process-2876] INFO     [FlashTop]    do_main: cmd loadpara
2025-05-23 18:20:27,160 [Process-2876] INFO     [Para]    exe path: C:\HTNB32L-XXX-SDK\Firmware\HTNB32L-XXX-SDK\Debug
2025-05-23 18:20:27,162 [Process-2876] INFO     [Para]    update digest file :C:\HTNB32L-XXX-SDK\Firmware\HTNB32L-XXX-SDK\Debug\cfg.digest, digest:b'\x95\xaf\x7e\x3d\x46\xdd\x3a\xbe\xea\x1d\xe3\x59\x01\x93\x46\x51\x55\xdc\x16\x1b\x8a\x7b\xad\xc9\xcc\xe4\xde\x6d\x66\xeb\x63\x8b' 
2025-05-23 18:20:27,162 [Process-2876] INFO     [Para]    LoadPara from cfgfile(C:\HTNB32L-XXX-SDK\Firmware\HTNB32L-XXX-SDK\Debug\htnb32l.ini) 
2025-05-23 18:20:27,163 [Process-2876] WARNING  [Para]    Load para curdigest b'\x95\xaf\x7e\x3d\x46\xdd\x3a\xbe\xea\x1d\xe3\x59\x01\x93\x46\x51\x55\xdc\x16\x1b\x8a\x7b\xad\xc9\xcc\xe4\xde\x6d\x66\xeb\x63\x8b'
2025-05-23 18:20:27,163 [Process-2876] INFO     [FlashTop]    Load para sync success
2025-05-23 18:20:27,164 [Process-2876] INFO     [FlashToolCLI]    Burnbatch Start, burn imglist ['bootloader', 'system'].
2025-05-23 18:20:27,164 [Process-2876] INFO     [FlashTop]    do_main: cmd burnag, Thread0[20396]
2025-05-23 18:20:27,164 [Process-2876] INFO     [Thread0]    ProcessStart[20396]
2025-05-23 18:20:28,304 [Process-2876] INFO     [Thread0]    ResetBoard(Normal Mod) finish
2025-05-23 18:20:28,312 [Process-2876] INFO     [Thread0]    args.ser.port :COM3
2025-05-23 18:20:28,411 [Process-2876] INFO     [Image]    SetBaud 921600
2025-05-23 18:20:28,412 [Process-2876] INFO     [Thread0]    TryDownload C:\HTNB32L-XXX-SDK\Firmware\HTNB32L-XXX-SDK\Debug\agentboot.bin start
2025-05-23 18:20:28,412 [Process-2876] INFO     [Thread0]    image size=28568, hdsize=272
2025-05-23 18:20:28,413 [Process-2876] INFO     [Thread0]    Preamble Send
2025-05-23 18:20:28,473 [Process-2876] INFO     [Thread0]    Preamble Received Rsp
2025-05-23 18:20:28,548 [Process-2876] INFO     [Thread0]    Preamble Send
2025-05-23 18:20:28,666 [Process-2876] INFO     [Thread0]    Preamble Received Rsp
2025-05-23 18:20:31,464 [Process-2876] INFO     [Thread0]    TryDownload agentboot success
2025-05-23 18:20:31,472 [Process-2876] INFO     [Thread0]    agbaud: 921600
2025-05-23 18:20:31,577 [Process-2876] INFO     [Thread0]    Burn OK!
2025-05-23 18:20:31,578 [Process-2876] INFO     [Thread0]    ProcessEnd[20396]
2025-05-23 18:20:31,578 [Process-2876] INFO     [FlashTop]    do_main: cmd burnone, Thread0[20396]
2025-05-23 18:20:31,578 [Process-2876] INFO     [Thread0]    ProcessStart[20396]
2025-05-23 18:20:31,579 [Process-2876] INFO     [Thread0]    args.ser.port :COM3
2025-05-23 18:20:31,678 [Process-2876] INFO     [Thread0]    agentboot is downloaded already
2025-05-23 18:20:31,678 [Process-2876] INFO     [Thread0]    TryDownload agentboot skip
2025-05-23 18:20:31,687 [Process-2876] INFO     [Thread0]    agbaud: 921600
2025-05-23 18:20:31,786 [Process-2876] INFO     [Thread0]    LPC Preamble Send
2025-05-23 18:20:31,842 [Process-2876] INFO     [Thread0]    LPC Preamble Received Rsp
2025-05-23 18:20:31,871 [Process-2876] INFO     [Thread0]    LPCSetSyncStat(1)
2025-05-23 18:20:31,872 [Process-2876] INFO     [Thread0]    LPCSyncDetect: success
2025-05-23 18:20:31,872 [Process-2876] INFO     [Thread0]    DownloadBurnOne imgtype(bootloader)
2025-05-23 18:20:31,872 [Process-2876] INFO     [Thread0]    DownloadBurnOne imgtype(bootloader), burnaddr(0x0), imgid(0x4f424d49)
2025-05-23 18:20:31,872 [Process-2876] INFO     [Thread0]    DownloadBurnOne file C:\HTNB32L-XXX-SDK\Firmware\HTNB32L-XXX-SDK\Debug\bootloader.bin 
2025-05-23 18:20:31,873 [Process-2876] INFO     [Thread0]    TryDownload C:\HTNB32L-XXX-SDK\Firmware\HTNB32L-XXX-SDK\Debug\bootloader.bin start
2025-05-23 18:20:31,873 [Process-2876] INFO     [Thread0]    LPCBurnOneTrig start       			******
2025-05-23 18:20:31,881 [Process-2876] INFO     [Thread0]    LPCBurnOneTrig success
2025-05-23 18:20:31,881 [Process-2876] INFO     [Thread0]    DLDPreSync Preamble Send
2025-05-23 18:20:32,447 [Process-2876] INFO     [Thread0]    DLDPreSync Preamble Received Rsp
2025-05-23 18:20:32,478 [Process-2876] INFO     [Thread0]    image size=29248, hdsize=272
2025-05-23 18:20:32,478 [Process-2876] INFO     [Thread0]    
2025-05-23 18:20:32,478 [Process-2876] INFO     [Thread0]    imginfo.size=29248, RemainLen=29248, Offset=0
2025-05-23 18:20:32,479 [Process-2876] INFO     [Thread0]    {bootloader.bin-percent files transferred   0%}
2025-05-23 18:20:32,479 [Process-2876] INFO     [Thread0]    
2025-05-23 18:20:32,479 [Process-2876] INFO     [Thread0]    Preamble Send
2025-05-23 18:20:32,538 [Process-2876] INFO     [Thread0]    Preamble Received Rsp
2025-05-23 18:20:32,584 [Process-2876] INFO     [Thread0]    imginfo.size=29248, RemainLen=28976, Offset=272
2025-05-23 18:20:32,584 [Process-2876] INFO     [Thread0]    {bootloader.bin-percent files transferred   0%}
2025-05-23 18:20:32,584 [Process-2876] INFO     [Thread0]    
2025-05-23 18:20:32,584 [Process-2876] INFO     [Thread0]    Preamble Send
2025-05-23 18:20:33,087 [Process-2876] INFO     [Thread0]    Preamble Received Rsp
2025-05-23 18:20:33,598 [Process-2876] INFO     [Thread0]    imginfo.size=29248, RemainLen=0, Offset=272
2025-05-23 18:20:33,598 [Process-2876] INFO     [Thread0]    {bootloader.bin-percent files transferred   100%}
2025-05-23 18:20:33,598 [Process-2876] INFO     [Thread0]    
2025-05-23 18:20:33,604 [Process-2876] INFO     [Thread0]    TryDownload success
2025-05-23 18:20:33,610 [Process-2876] INFO     [Thread0]    Burn OK!
2025-05-23 18:20:33,610 [Process-2876] INFO     [Thread0]    ProcessEnd[20396]
2025-05-23 18:20:33,610 [Process-2876] INFO     [FlashTop]    do_main: cmd burnone, Thread0[20396]
2025-05-23 18:20:33,610 [Process-2876] INFO     [Thread0]    ProcessStart[20396]
2025-05-23 18:20:33,611 [Process-2876] INFO     [Thread0]    args.ser.port :COM3
2025-05-23 18:20:33,710 [Process-2876] INFO     [Thread0]    agentboot is downloaded already
2025-05-23 18:20:33,711 [Process-2876] INFO     [Thread0]    TryDownload agentboot skip
2025-05-23 18:20:33,720 [Process-2876] INFO     [Thread0]    agbaud: 921600
2025-05-23 18:20:33,819 [Process-2876] INFO     [Thread0]    LPC Preamble Send
2025-05-23 18:20:33,881 [Process-2876] INFO     [Thread0]    LPC Preamble Received Rsp
2025-05-23 18:20:33,906 [Process-2876] INFO     [Thread0]    LPCSyncDetect: success
2025-05-23 18:20:33,907 [Process-2876] INFO     [Thread0]    DownloadBurnOne imgtype(system)
2025-05-23 18:20:33,907 [Process-2876] INFO     [Thread0]    DownloadBurnOne imgtype(system), burnaddr(0x0), imgid(0x444b4249)
2025-05-23 18:20:33,907 [Process-2876] INFO     [Thread0]    DownloadBurnOne file C:\HTNB32L-XXX-SDK\Firmware\HTNB32L-XXX-SDK\Debug\../Build/MQTT_Example/HTNB32L-XXX-MQTT_Example.bin 
2025-05-23 18:20:33,913 [Process-2876] INFO     [Thread0]    TryDownload C:\HTNB32L-XXX-SDK\Firmware\HTNB32L-XXX-SDK\Debug\../Build/MQTT_Example/HTNB32L-XXX-MQTT_Example.bin start
2025-05-23 18:20:33,914 [Process-2876] INFO     [Thread0]    LPCBurnOneTrig start       			******
2025-05-23 18:20:33,920 [Process-2876] INFO     [Thread0]    LPCBurnOneTrig success
2025-05-23 18:20:33,920 [Process-2876] INFO     [Thread0]    DLDPreSync Preamble Send
2025-05-23 18:20:34,484 [Process-2876] INFO     [Thread0]    DLDPreSync Preamble Received Rsp
2025-05-23 18:20:34,515 [Process-2876] INFO     [Thread0]    image size=534020, hdsize=272
2025-05-23 18:20:34,515 [Process-2876] INFO     [Thread0]    
2025-05-23 18:20:34,515 [Process-2876] INFO     [Thread0]    imginfo.size=534020, RemainLen=534020, Offset=0
2025-05-23 18:20:34,515 [Process-2876] INFO     [Thread0]    {HTNB32L-XXX-MQTT_Example.bin-percent files transferred   0%}
2025-05-23 18:20:34,516 [Process-2876] INFO     [Thread0]    
2025-05-23 18:20:34,516 [Process-2876] INFO     [Thread0]    Preamble Send
2025-05-23 18:20:34,574 [Process-2876] INFO     [Thread0]    Preamble Received Rsp
2025-05-23 18:20:34,622 [Process-2876] INFO     [Thread0]    imginfo.size=534020, RemainLen=533748, Offset=272
2025-05-23 18:20:34,623 [Process-2876] INFO     [Thread0]    {HTNB32L-XXX-MQTT_Example.bin-percent files transferred   0%}
2025-05-23 18:20:34,623 [Process-2876] INFO     [Thread0]    
2025-05-23 18:20:34,623 [Process-2876] INFO     [Thread0]    Preamble Send
2025-05-23 18:20:34,728 [Process-2876] INFO     [Thread0]    Preamble Received Rsp
2025-05-23 18:20:35,652 [Process-2876] INFO     [Thread0]    imginfo.size=534020, RemainLen=468212, Offset=65808
2025-05-23 18:20:35,652 [Process-2876] INFO     [Thread0]    {HTNB32L-XXX-MQTT_Example.bin-percent files transferred   12%}
2025-05-23 18:20:35,652 [Process-2876] INFO     [Thread0]    
2025-05-23 18:20:35,653 [Process-2876] INFO     [Thread0]    Preamble Send
2025-05-23 18:20:35,709 [Process-2876] INFO     [Thread0]    Preamble Received Rsp
2025-05-23 18:20:36,636 [Process-2876] INFO     [Thread0]    imginfo.size=534020, RemainLen=402676, Offset=131344
2025-05-23 18:20:36,637 [Process-2876] INFO     [Thread0]    {HTNB32L-XXX-MQTT_Example.bin-percent files transferred   24%}
2025-05-23 18:20:36,637 [Process-2876] INFO     [Thread0]    
2025-05-23 18:20:36,637 [Process-2876] INFO     [Thread0]    Preamble Send
2025-05-23 18:20:36,694 [Process-2876] INFO     [Thread0]    Preamble Received Rsp
2025-05-23 18:20:37,618 [Process-2876] INFO     [Thread0]    imginfo.size=534020, RemainLen=337140, Offset=196880
2025-05-23 18:20:37,618 [Process-2876] INFO     [Thread0]    {HTNB32L-XXX-MQTT_Example.bin-percent files transferred   36%}
2025-05-23 18:20:37,618 [Process-2876] INFO     [Thread0]    
2025-05-23 18:20:37,618 [Process-2876] INFO     [Thread0]    Preamble Send
2025-05-23 18:20:37,676 [Process-2876] INFO     [Thread0]    Preamble Received Rsp
2025-05-23 18:20:38,599 [Process-2876] INFO     [Thread0]    imginfo.size=534020, RemainLen=271604, Offset=262416
2025-05-23 18:20:38,599 [Process-2876] INFO     [Thread0]    {HTNB32L-XXX-MQTT_Example.bin-percent files transferred   49%}
2025-05-23 18:20:38,599 [Process-2876] INFO     [Thread0]    
2025-05-23 18:20:38,601 [Process-2876] INFO     [Thread0]    Preamble Send
2025-05-23 18:20:38,657 [Process-2876] INFO     [Thread0]    Preamble Received Rsp
2025-05-23 18:20:39,593 [Process-2876] INFO     [Thread0]    imginfo.size=534020, RemainLen=206068, Offset=327952
2025-05-23 18:20:39,594 [Process-2876] INFO     [Thread0]    {HTNB32L-XXX-MQTT_Example.bin-percent files transferred   61%}
2025-05-23 18:20:39,594 [Process-2876] INFO     [Thread0]    
2025-05-23 18:20:39,594 [Process-2876] INFO     [Thread0]    Preamble Send
2025-05-23 18:20:39,651 [Process-2876] INFO     [Thread0]    Preamble Received Rsp
2025-05-23 18:20:40,578 [Process-2876] INFO     [Thread0]    imginfo.size=534020, RemainLen=140532, Offset=393488
2025-05-23 18:20:40,578 [Process-2876] INFO     [Thread0]    {HTNB32L-XXX-MQTT_Example.bin-percent files transferred   73%}
2025-05-23 18:20:40,578 [Process-2876] INFO     [Thread0]    
2025-05-23 18:20:40,579 [Process-2876] INFO     [Thread0]    Preamble Send
2025-05-23 18:20:40,637 [Process-2876] INFO     [Thread0]    Preamble Received Rsp
2025-05-23 18:20:41,565 [Process-2876] INFO     [Thread0]    imginfo.size=534020, RemainLen=74996, Offset=459024
2025-05-23 18:20:41,566 [Process-2876] INFO     [Thread0]    {HTNB32L-XXX-MQTT_Example.bin-percent files transferred   85%}
2025-05-23 18:20:41,566 [Process-2876] INFO     [Thread0]    
2025-05-23 18:20:41,566 [Process-2876] INFO     [Thread0]    Preamble Send
2025-05-23 18:20:41,623 [Process-2876] INFO     [Thread0]    Preamble Received Rsp
2025-05-23 18:20:42,542 [Process-2876] INFO     [Thread0]    imginfo.size=534020, RemainLen=9460, Offset=524560
2025-05-23 18:20:42,542 [Process-2876] INFO     [Thread0]    {HTNB32L-XXX-MQTT_Example.bin-percent files transferred   98%}
2025-05-23 18:20:42,543 [Process-2876] INFO     [Thread0]    
2025-05-23 18:20:42,543 [Process-2876] INFO     [Thread0]    Preamble Send
2025-05-23 18:20:42,716 [Process-2876] INFO     [Thread0]    Preamble Received Rsp
2025-05-23 18:20:43,014 [Process-2876] INFO     [Thread0]    imginfo.size=534020, RemainLen=0, Offset=524560
2025-05-23 18:20:43,015 [Process-2876] INFO     [Thread0]    {HTNB32L-XXX-MQTT_Example.bin-percent files transferred   100%}
2025-05-23 18:20:43,015 [Process-2876] INFO     [Thread0]    
2025-05-23 18:20:43,025 [Process-2876] INFO     [Thread0]    TryDownload success
2025-05-23 18:20:43,034 [Process-2876] INFO     [Thread0]    Burn OK!
2025-05-23 18:20:43,034 [Process-2876] INFO     [Thread0]    ProcessEnd[20396]
2025-05-23 18:20:43,034 [Process-2876] INFO     [FlashToolCLI]    Burnbatch OK, imglist ['bootloader', 'system']
